# JRE version: Java(TM) SE Runtime Environment (8.0_101-b13) (build 1.8.0_101-b13)
# Java VM: Java HotSpot(TM) 64-Bit Server VM (25.101-b13 mixed mode windows-amd64 compressed oops)
Heap:
 PSYoungGen      total 108032K, used 3660K [0x00000000d6000000, 0x00000000dd700000, 0x0000000100000000)
  eden space 98816K, 3% used [0x00000000d6000000,0x00000000d6393028,0x00000000dc080000)
  from space 9216K, 0% used [0x00000000dca80000,0x00000000dca80000,0x00000000dd380000)
  to   space 10240K, 0% used [0x00000000dc080000,0x00000000dc080000,0x00000000dca80000)
 ParOldGen       total 54784K, used 30615K [0x0000000082000000, 0x0000000085580000, 0x00000000d6000000)
  object space 54784K, 55% used [0x0000000082000000,0x0000000083de5c40,0x0000000085580000)
 Metaspace       used 40227K, capacity 42332K, committed 42496K, reserved 1097728K
  class space    used 5461K, capacity 5833K, committed 5888K, reserved 1048576K
GC Heap History (10 events):
Event: 22.177 GC heap before
{Heap before GC invocations=16 (full 2):
 PSYoungGen      total 109056K, used 106267K [0x00000000d6000000, 0x00000000dd700000, 0x0000000100000000)
  eden space 98816K, 100% used [0x00000000d6000000,0x00000000dc080000,0x00000000dc080000)
  from space 10240K, 72% used [0x00000000dc080000,0x00000000dc7c6e50,0x00000000dca80000)
  to   space 9216K, 0% used [0x00000000dca80000,0x00000000dca80000,0x00000000dd380000)
 ParOldGen       total 54784K, used 21781K [0x0000000082000000, 0x0000000085580000, 0x00000000d6000000)
  object space 54784K, 39% used [0x0000000082000000,0x00000000835454e0,0x0000000085580000)
 Metaspace       used 38548K, capacity 40630K, committed 40960K, reserved 1087488K
  class space    used 5246K, capacity 5622K, committed 5632K, reserved 1048576K
Event: 22.199 GC heap after
Heap after GC invocations=16 (full 2):
 PSYoungGen      total 108032K, used 9216K [0x00000000d6000000, 0x00000000dd700000, 0x0000000100000000)
  eden space 98816K, 0% used [0x00000000d6000000,0x00000000d6000000,0x00000000dc080000)
  from space 9216K, 100% used [0x00000000dca80000,0x00000000dd380000,0x00000000dd380000)
  to   space 10240K, 0% used [0x00000000dc080000,0x00000000dc080000,0x00000000dca80000)
 ParOldGen       total 54784K, used 22845K [0x0000000082000000, 0x0000000085580000, 0x00000000d6000000)
  object space 54784K, 41% used [0x0000000082000000,0x000000008364f720,0x0000000085580000)
 Metaspace       used 38548K, capacity 40630K, committed 40960K, reserved 1087488K
  class space    used 5246K, capacity 5622K, committed 5632K, reserved 1048576K
}
Event: 22.921 GC heap before
{Heap before GC invocations=17 (full 2):
 PSYoungGen      total 108032K, used 36106K [0x00000000d6000000, 0x00000000dd700000, 0x0000000100000000)
  eden space 98816K, 27% used [0x00000000d6000000,0x00000000d7a42990,0x00000000dc080000)
  from space 9216K, 100% used [0x00000000dca80000,0x00000000dd380000,0x00000000dd380000)
  to   space 10240K, 0% used [0x00000000dc080000,0x00000000dc080000,0x00000000dca80000)
 ParOldGen       total 54784K, used 22845K [0x0000000082000000, 0x0000000085580000, 0x00000000d6000000)
  object space 54784K, 41% used [0x0000000082000000,0x000000008364f720,0x0000000085580000)
 Metaspace       used 39643K, capacity 41744K, committed 41984K, reserved 1095680K
  class space    used 5383K, capacity 5767K, committed 5888K, reserved 1048576K
Event: 22.952 GC heap after
Heap after GC invocations=17 (full 2):
 PSYoungGen      total 109056K, used 5175K [0x00000000d6000000, 0x00000000dd700000, 0x0000000100000000)
  eden space 98816K, 0% used [0x00000000d6000000,0x00000000d6000000,0x00000000dc080000)
  from space 10240K, 50% used [0x00000000dc080000,0x00000000dc58df50,0x00000000dca80000)
  to   space 9216K, 0% used [0x00000000dca80000,0x00000000dca80000,0x00000000dd380000)
 ParOldGen       total 54784K, used 28585K [0x0000000082000000, 0x0000000085580000, 0x00000000d6000000)
  object space 54784K, 52% used [0x0000000082000000,0x0000000083bea730,0x0000000085580000)
 Metaspace       used 39643K, capacity 41744K, committed 41984K, reserved 1095680K
  class space    used 5383K, capacity 5767K, committed 5888K, reserved 1048576K
}
Event: 22.952 GC heap before
{Heap before GC invocations=18 (full 3):
 PSYoungGen      total 109056K, used 5175K [0x00000000d6000000, 0x00000000dd700000, 0x0000000100000000)
  eden space 98816K, 0% used [0x00000000d6000000,0x00000000d6000000,0x00000000dc080000)
  from space 10240K, 50% used [0x00000000dc080000,0x00000000dc58df50,0x00000000dca80000)
  to   space 9216K, 0% used [0x00000000dca80000,0x00000000dca80000,0x00000000dd380000)
 ParOldGen       total 54784K, used 28585K [0x0000000082000000, 0x0000000085580000, 0x00000000d6000000)
  object space 54784K, 52% used [0x0000000082000000,0x0000000083bea730,0x0000000085580000)
 Metaspace       used 39643K, capacity 41744K, committed 41984K, reserved 1095680K
  class space    used 5383K, capacity 5767K, committed 5888K, reserved 1048576K
Event: 23.770 GC heap after
Heap after GC invocations=18 (full 3):
 PSYoungGen      total 109056K, used 0K [0x00000000d6000000, 0x00000000dd700000, 0x0000000100000000)
  eden space 98816K, 0% used [0x00000000d6000000,0x00000000d6000000,0x00000000dc080000)
  from space 10240K, 0% used [0x00000000dc080000,0x00000000dc080000,0x00000000dca80000)
  to   space 9216K, 0% used [0x00000000dca80000,0x00000000dca80000,0x00000000dd380000)
 ParOldGen       total 54784K, used 31262K [0x0000000082000000, 0x0000000085580000, 0x00000000d6000000)
  object space 54784K, 57% used [0x0000000082000000,0x0000000083e87870,0x0000000085580000)
 Metaspace       used 39643K, capacity 41744K, committed 41984K, reserved 1093632K
  class space    used 5383K, capacity 5767K, committed 5888K, reserved 1048576K
}
Event: 23.783 GC heap before
{Heap before GC invocations=19 (full 3):
 PSYoungGen      total 109056K, used 3220K [0x00000000d6000000, 0x00000000dd700000, 0x0000000100000000)
  eden space 98816K, 3% used [0x00000000d6000000,0x00000000d6325218,0x00000000dc080000)
  from space 10240K, 0% used [0x00000000dc080000,0x00000000dc080000,0x00000000dca80000)
  to   space 9216K, 0% used [0x00000000dca80000,0x00000000dca80000,0x00000000dd380000)
 ParOldGen       total 54784K, used 31262K [0x0000000082000000, 0x0000000085580000, 0x00000000d6000000)
  object space 54784K, 57% used [0x0000000082000000,0x0000000083e87870,0x0000000085580000)
 Metaspace       used 39645K, capacity 41744K, committed 41984K, reserved 1097728K
  class space    used 5385K, capacity 5767K, committed 5888K, reserved 1048576K
Event: 23.786 GC heap after
Heap after GC invocations=19 (full 3):
 PSYoungGen      total 108032K, used 128K [0x00000000d6000000, 0x00000000dd700000, 0x0000000100000000)
  eden space 98816K, 0% used [0x00000000d6000000,0x00000000d6000000,0x00000000dc080000)
  from space 9216K, 1% used [0x00000000dca80000,0x00000000dcaa0000,0x00000000dd380000)
  to   space 10240K, 0% used [0x00000000dc080000,0x00000000dc080000,0x00000000dca80000)
 ParOldGen       total 54784K, used 31270K [0x0000000082000000, 0x0000000085580000, 0x00000000d6000000)
  object space 54784K, 57% used [0x0000000082000000,0x0000000083e89870,0x0000000085580000)
 Metaspace       used 39645K, capacity 41744K, committed 41984K, reserved 1097728K
  class space    used 5385K, capacity 5767K, committed 5888K, reserved 1048576K
}
Event: 23.786 GC heap before
{Heap before GC invocations=20 (full 4):
 PSYoungGen      total 108032K, used 128K [0x00000000d6000000, 0x00000000dd700000, 0x0000000100000000)
  eden space 98816K, 0% used [0x00000000d6000000,0x00000000d6000000,0x00000000dc080000)
  from space 9216K, 1% used [0x00000000dca80000,0x00000000dcaa0000,0x00000000dd380000)
  to   space 10240K, 0% used [0x00000000dc080000,0x00000000dc080000,0x00000000dca80000)
 ParOldGen       total 54784K, used 31270K [0x0000000082000000, 0x0000000085580000, 0x00000000d6000000)
  object space 54784K, 57% used [0x0000000082000000,0x0000000083e89870,0x0000000085580000)
 Metaspace       used 39645K, capacity 41744K, committed 41984K, reserved 1097728K
  class space    used 5385K, capacity 5767K, committed 5888K, reserved 1048576K
Event: 23.888 GC heap after
Heap after GC invocations=20 (full 4):
 PSYoungGen      total 108032K, used 0K [0x00000000d6000000, 0x00000000dd700000, 0x0000000100000000)
  eden space 98816K, 0% used [0x00000000d6000000,0x00000000d6000000,0x00000000dc080000)
  from space 9216K, 0% used [0x00000000dca80000,0x00000000dca80000,0x00000000dd380000)
  to   space 10240K, 0% used [0x00000000dc080000,0x00000000dc080000,0x00000000dca80000)
 ParOldGen       total 54784K, used 30615K [0x0000000082000000, 0x0000000085580000, 0x00000000d6000000)
  object space 54784K, 55% used [0x0000000082000000,0x0000000083de5c40,0x0000000085580000)
 Metaspace       used 39645K, capacity 41744K, committed 41984K, reserved 1093632K
  class space    used 5385K, capacity 5767K, committed 5888K, reserved 1048576K
}

